<?xml version="1.0" encoding="UTF-8"?>
<!-- Generated by org.testng.reporters.JUnitReportReporter -->
<testsuite skipped="0" hostname="DELL" name="scripts.TC01" tests="1" failures="0" timestamp="09 Jan 2021 07:52:53 GMT" time="11.245" errors="0">
  <testcase name="testLogin" time="11.245" classname="scripts.TC01"/>
</testsuite> <!-- scripts.TC01 -->
