<?xml version="1.0" encoding="UTF-8"?>
<!-- Generated by org.testng.reporters.JUnitReportReporter -->
<testsuite skipped="0" hostname="DELL" name="scripts.TC02" tests="1" failures="0" timestamp="10 Jan 2021 16:39:24 GMT" time="35.183" errors="0">
  <testcase name="testLogin_Logout" time="35.183" classname="scripts.TC02"/>
</testsuite> <!-- scripts.TC02 -->
