<?xml version="1.0" encoding="UTF-8"?>
<!-- Generated by org.testng.reporters.JUnitReportReporter -->
<testsuite skipped="0" hostname="DELL" name="config.StartBrowser" tests="1" failures="0" timestamp="09 Jan 2021 04:25:02 GMT" time="11.876" errors="0">
  <testcase name="launch" time="11.876" classname="config.StartBrowser"/>
</testsuite> <!-- config.StartBrowser -->
